0 verbose cli /data/data/com.termux/files/usr/bin/node /data/data/com.termux/files/usr/bin/npm
1 info using npm@10.8.2
2 info using node@v22.8.0
3 silly config load:file:/data/data/com.termux/files/usr/lib/node_modules/npm/npmrc
4 silly config load:file:/data/data/com.termux/files/home/.npmrc
5 silly config load:file:/data/data/com.termux/files/usr/etc/npmrc
6 verbose title npm start index.js
7 verbose argv "start" "index.js"
8 verbose logfile logs-max:10 dir:/data/data/com.termux/files/home/.npm/_logs/2024-11-01T15_00_46_334Z-
9 verbose logfile /data/data/com.termux/files/home/.npm/_logs/2024-11-01T15_00_46_334Z-debug-0.log
10 silly logfile done cleaning log files
11 verbose stack Error: Could not read package.json: Error: ENOENT: no such file or directory, open '/data/data/com.termux/files/home/package.json'
11 verbose stack     at async open (node:internal/fs/promises:638:25)
11 verbose stack     at async readFile (node:internal/fs/promises:1238:14)
11 verbose stack     at async read (/data/data/com.termux/files/usr/lib/node_modules/npm/node_modules/@npmcli/package-json/lib/read-package.js:9:18)
11 verbose stack     at async PackageJson.load (/data/data/com.termux/files/usr/lib/node_modules/npm/node_modules/@npmcli/package-json/lib/index.js:130:31)
11 verbose stack     at async PackageJson.normalize (/data/data/com.termux/files/usr/lib/node_modules/npm/node_modules/@npmcli/package-json/lib/index.js:116:5)
11 verbose stack     at async #run (/data/data/com.termux/files/usr/lib/node_modules/npm/lib/commands/run-script.js:85:13)
11 verbose stack     at async RunScript.exec (/data/data/com.termux/files/usr/lib/node_modules/npm/lib/commands/run-script.js:39:7)
11 verbose stack     at async Npm.exec (/data/data/com.termux/files/usr/lib/node_modules/npm/lib/npm.js:207:9)
11 verbose stack     at async module.exports (/data/data/com.termux/files/usr/lib/node_modules/npm/lib/cli/entry.js:67:5)
12 error code ENOENT
13 error syscall open
14 error path /data/data/com.termux/files/home/package.json
15 error errno -2
16 error enoent Could not read package.json: Error: ENOENT: no such file or directory, open '/data/data/com.termux/files/home/package.json'
17 error enoent This is related to npm not being able to find a file.
17 error enoent
18 verbose cwd /data/data/com.termux/files/home
19 verbose os Linux 5.15.123-android13-8-o-gc06f7fc315bf
20 verbose node v22.8.0
21 verbose npm  v10.8.2
22 verbose exit -2
23 verbose code -2
24 error A complete log of this run can be found in: /data/data/com.termux/files/home/.npm/_logs/2024-11-01T15_00_46_334Z-debug-0.log
